2025-11-26 11:35:21 Foreground erraid init (rundir=Consignes/exemples-arborescences/exemple-arborescence-1/tmp-username-erraid)
2025-11-26 11:35:21 Daemon main loop started.
2025-11-26 11:35:21 Scanning tasks directory…
2025-11-26 11:35:21 task_reader failed for 0
2025-11-26 11:35:21 task_reader failed for 1
2025-11-26 11:36:21 Scanning tasks directory…
2025-11-26 11:36:21 task_reader failed for 0
2025-11-26 11:36:21 task_reader failed for 1
2025-11-26 11:36:28 Daemon main loop stopping.
2025-11-26 11:36:28 Cleanup.
2025-11-26 11:37:50 Foreground erraid init (rundir=Consignes/exemples-arborescences/exemple-arborescence-1/tmp-username-erraid)
2025-11-26 11:37:50 Daemon main loop started.
2025-11-26 11:37:50 Scanning tasks directory…
2025-11-26 11:37:50 task_reader worked for 0
2025-11-26 11:37:50 Executing task 0
2025-11-26 11:37:50 Task 0 executed (retval=0)
2025-11-26 11:37:50 task_reader worked for 1
2025-11-26 11:37:50 Task 1 NOT due at this minute
2025-11-26 11:38:50 Scanning tasks directory…
2025-11-26 11:38:50 task_reader worked for 0
2025-11-26 11:38:50 Executing task 0
2025-11-26 11:38:50 Task 0 executed (retval=0)
2025-11-26 11:38:50 task_reader worked for 1
2025-11-26 11:38:50 Task 1 NOT due at this minute
2025-11-26 11:38:58 Daemon main loop stopping.
2025-11-26 11:38:58 Cleanup.
2025-11-26 11:40:32 Foreground erraid init (rundir=Consignes/exemples-arborescences/exemple-arborescence-1/tmp-username-erraid)
2025-11-26 11:40:32 Daemon main loop started.
2025-11-26 11:40:32 Scanning tasks directory…
2025-11-26 11:40:32 task_reader failed for 0
2025-11-26 11:40:32 task_reader failed for 1
2025-11-26 11:41:32 Scanning tasks directory…
2025-11-26 11:41:32 task_reader failed for 0
2025-11-26 11:41:32 task_reader failed for 1
2025-11-26 11:41:36 Daemon main loop stopping.
2025-11-26 11:41:36 Cleanup.
2025-11-26 11:41:59 Foreground erraid init (rundir=Consignes/exemples-arborescences/exemple-arborescence-1/tmp-username-erraid)
2025-11-26 11:41:59 Daemon main loop started.
2025-11-26 11:41:59 Scanning tasks directory…
2025-11-26 11:41:59 task_reader worked for 0
2025-11-26 11:41:59 task_reader failed for 1
2025-11-26 11:42:27 Daemon main loop stopping.
2025-11-26 11:42:27 Cleanup.
